<?xml version="1.0" encoding="UTF-8"?>
<!-- Generated by org.testng.reporters.JUnitXMLReporter -->
<testsuite ignored="0" hostname="karans-MacBook-Pro.local" failures="0" tests="4" name="Default test" time="0.045" errors="0" timestamp="2023-05-10T14:18:21 IST">
  <testcase classname="SongTest.TestSongs" name="testHappyFlow" time="0.009"/>
  <testcase classname="SongTest.TestSongs" name="testHappyFlow" time="0.001"/>
  <testcase classname="SongTest.TestSongs" name="testHappyFlow" time="0.001"/>
  <testcase classname="SongTest.TestSongs" name="testHappyFlow" time="0.001"/>
</testsuite> <!-- Default test -->
