<?xml version="1.0" encoding="UTF-8"?>
<testng-results ignored="0" total="4" passed="4" failed="0" skipped="0">
  <reporter-output>
  </reporter-output>
  <suite started-at="2023-05-10T14:18:21 IST" name="Default suite" finished-at="2023-05-10T14:18:21 IST" duration-ms="45">
    <groups>
    </groups>
    <test started-at="2023-05-10T14:18:21 IST" name="Default test" finished-at="2023-05-10T14:18:21 IST" duration-ms="45">
      <class name="SongTest.TestSongs">
        <test-method signature="testHappyFlow(java.util.Map)[pri:0, instance:SongTest.TestSongs@6107227e]" started-at="2023-05-10T14:18:21 IST" name="testHappyFlow" data-provider="getSongsData" finished-at="2023-05-10T14:18:21 IST" duration-ms="9" status="PASS">
          <params>
            <param index="0">
              <value>
                <![CDATA[{actual=[S1, S2, S3], expected=[S1, S2, S3]}]]>
              </value>
            </param>
          </params>
          <reporter-output>
          </reporter-output>
        </test-method> <!-- testHappyFlow -->
        <test-method signature="testHappyFlow(java.util.Map)[pri:0, instance:SongTest.TestSongs@6107227e]" started-at="2023-05-10T14:18:21 IST" name="testHappyFlow" data-provider="getSongsData" finished-at="2023-05-10T14:18:21 IST" duration-ms="1" status="PASS">
          <params>
            <param index="0">
              <value>
                <![CDATA[{actual=[S1, S2, S3, S4], expected=[S2, S3, S4]}]]>
              </value>
            </param>
          </params>
          <reporter-output>
          </reporter-output>
        </test-method> <!-- testHappyFlow -->
        <test-method signature="testHappyFlow(java.util.Map)[pri:0, instance:SongTest.TestSongs@6107227e]" started-at="2023-05-10T14:18:21 IST" name="testHappyFlow" data-provider="getSongsData" finished-at="2023-05-10T14:18:21 IST" duration-ms="1" status="PASS">
          <params>
            <param index="0">
              <value>
                <![CDATA[{actual=[S1, S2, S3, S4, S2], expected=[S3, S4, S2]}]]>
              </value>
            </param>
          </params>
          <reporter-output>
          </reporter-output>
        </test-method> <!-- testHappyFlow -->
        <test-method signature="testHappyFlow(java.util.Map)[pri:0, instance:SongTest.TestSongs@6107227e]" started-at="2023-05-10T14:18:21 IST" name="testHappyFlow" data-provider="getSongsData" finished-at="2023-05-10T14:18:21 IST" duration-ms="1" status="PASS">
          <params>
            <param index="0">
              <value>
                <![CDATA[{actual=[S1, S2, S3, S4, S2, S1], expected=[S4, S2, S1]}]]>
              </value>
            </param>
          </params>
          <reporter-output>
          </reporter-output>
        </test-method> <!-- testHappyFlow -->
      </class> <!-- SongTest.TestSongs -->
    </test> <!-- Default test -->
  </suite> <!-- Default suite -->
</testng-results>
